{"E:\\My Project\\Elasticsearch_example\\src\\common\\elasticsearch.js": {"path":"E:\\My Project\\Elasticsearch_example\\src\\common\\elasticsearch.js","statementMap":{"0":{"start":{"line":1,"column":15},"end":{"line":1,"column":47}},"1":{"start":{"line":2,"column":12},"end":{"line":2,"column":26}},"2":{"start":{"line":3,"column":20},"end":{"line":3,"column":45}},"3":{"start":{"line":5,"column":18},"end":{"line":23,"column":1}},"4":{"start":{"line":6,"column":2},"end":{"line":22,"column":3}},"5":{"start":{"line":8,"column":21},"end":{"line":8,"column":45}},"6":{"start":{"line":9,"column":16},"end":{"line":18,"column":6}},"7":{"start":{"line":19,"column":4},"end":{"line":19,"column":15}},"8":{"start":{"line":21,"column":4},"end":{"line":21,"column":52}},"9":{"start":{"line":25,"column":15},"end":{"line":40,"column":1}},"10":{"start":{"line":26,"column":2},"end":{"line":39,"column":3}},"11":{"start":{"line":27,"column":16},"end":{"line":35,"column":6}},"12":{"start":{"line":36,"column":4},"end":{"line":36,"column":15}},"13":{"start":{"line":38,"column":4},"end":{"line":38,"column":55}},"14":{"start":{"line":42,"column":15},"end":{"line":53,"column":1}},"15":{"start":{"line":43,"column":2},"end":{"line":52,"column":3}},"16":{"start":{"line":44,"column":16},"end":{"line":48,"column":6}},"17":{"start":{"line":49,"column":4},"end":{"line":49,"column":15}},"18":{"start":{"line":51,"column":4},"end":{"line":51,"column":55}},"19":{"start":{"line":55,"column":15},"end":{"line":76,"column":1}},"20":{"start":{"line":56,"column":2},"end":{"line":75,"column":3}},"21":{"start":{"line":57,"column":4},"end":{"line":61,"column":5}},"22":{"start":{"line":59,"column":23},"end":{"line":59,"column":47}},"23":{"start":{"line":60,"column":6},"end":{"line":60,"column":31}},"24":{"start":{"line":62,"column":16},"end":{"line":71,"column":6}},"25":{"start":{"line":72,"column":4},"end":{"line":72,"column":15}},"26":{"start":{"line":74,"column":4},"end":{"line":74,"column":52}},"27":{"start":{"line":78,"column":18},"end":{"line":89,"column":1}},"28":{"start":{"line":79,"column":2},"end":{"line":88,"column":3}},"29":{"start":{"line":80,"column":16},"end":{"line":84,"column":6}},"30":{"start":{"line":85,"column":4},"end":{"line":85,"column":15}},"31":{"start":{"line":87,"column":4},"end":{"line":87,"column":52}},"32":{"start":{"line":91,"column":18},"end":{"line":106,"column":1}},"33":{"start":{"line":92,"column":2},"end":{"line":105,"column":3}},"34":{"start":{"line":93,"column":16},"end":{"line":101,"column":6}},"35":{"start":{"line":102,"column":4},"end":{"line":102,"column":15}},"36":{"start":{"line":104,"column":4},"end":{"line":104,"column":52}},"37":{"start":{"line":108,"column":23},"end":{"line":125,"column":1}},"38":{"start":{"line":109,"column":2},"end":{"line":124,"column":3}},"39":{"start":{"line":110,"column":16},"end":{"line":120,"column":6}},"40":{"start":{"line":121,"column":4},"end":{"line":121,"column":25}},"41":{"start":{"line":123,"column":4},"end":{"line":123,"column":55}},"42":{"start":{"line":127,"column":23},"end":{"line":148,"column":1}},"43":{"start":{"line":128,"column":2},"end":{"line":147,"column":3}},"44":{"start":{"line":129,"column":22},"end":{"line":129,"column":27}},"45":{"start":{"line":130,"column":16},"end":{"line":140,"column":6}},"46":{"start":{"line":141,"column":4},"end":{"line":143,"column":5}},"47":{"start":{"line":142,"column":6},"end":{"line":142,"column":25}},"48":{"start":{"line":144,"column":4},"end":{"line":144,"column":23}},"49":{"start":{"line":146,"column":4},"end":{"line":146,"column":61}},"50":{"start":{"line":150,"column":19},"end":{"line":161,"column":1}},"51":{"start":{"line":151,"column":2},"end":{"line":160,"column":3}},"52":{"start":{"line":152,"column":16},"end":{"line":156,"column":6}},"53":{"start":{"line":157,"column":4},"end":{"line":157,"column":25}},"54":{"start":{"line":159,"column":4},"end":{"line":159,"column":55}},"55":{"start":{"line":163,"column":0},"end":{"line":173,"column":2}}},"fnMap":{"0":{"name":"(anonymous_0)","decl":{"start":{"line":5,"column":18},"end":{"line":5,"column":19}},"loc":{"start":{"line":5,"column":47},"end":{"line":23,"column":1}},"line":5},"1":{"name":"(anonymous_1)","decl":{"start":{"line":25,"column":15},"end":{"line":25,"column":16}},"loc":{"start":{"line":25,"column":38},"end":{"line":40,"column":1}},"line":25},"2":{"name":"(anonymous_2)","decl":{"start":{"line":42,"column":15},"end":{"line":42,"column":16}},"loc":{"start":{"line":42,"column":42},"end":{"line":53,"column":1}},"line":42},"3":{"name":"(anonymous_3)","decl":{"start":{"line":55,"column":15},"end":{"line":55,"column":16}},"loc":{"start":{"line":55,"column":48},"end":{"line":76,"column":1}},"line":55},"4":{"name":"(anonymous_4)","decl":{"start":{"line":78,"column":18},"end":{"line":78,"column":19}},"loc":{"start":{"line":78,"column":45},"end":{"line":89,"column":1}},"line":78},"5":{"name":"(anonymous_5)","decl":{"start":{"line":91,"column":18},"end":{"line":91,"column":19}},"loc":{"start":{"line":91,"column":41},"end":{"line":106,"column":1}},"line":91},"6":{"name":"(anonymous_6)","decl":{"start":{"line":108,"column":23},"end":{"line":108,"column":24}},"loc":{"start":{"line":108,"column":52},"end":{"line":125,"column":1}},"line":108},"7":{"name":"(anonymous_7)","decl":{"start":{"line":127,"column":23},"end":{"line":127,"column":24}},"loc":{"start":{"line":127,"column":52},"end":{"line":148,"column":1}},"line":127},"8":{"name":"(anonymous_8)","decl":{"start":{"line":150,"column":19},"end":{"line":150,"column":20}},"loc":{"start":{"line":150,"column":46},"end":{"line":161,"column":1}},"line":150}},"branchMap":{"0":{"loc":{"start":{"line":57,"column":4},"end":{"line":61,"column":5}},"type":"if","locations":[{"start":{"line":57,"column":4},"end":{"line":61,"column":5}},{"start":{},"end":{}}],"line":57},"1":{"loc":{"start":{"line":141,"column":4},"end":{"line":143,"column":5}},"type":"if","locations":[{"start":{"line":141,"column":4},"end":{"line":143,"column":5}},{"start":{},"end":{}}],"line":141}},"s":{"0":2,"1":2,"2":2,"3":2,"4":2,"5":2,"6":2,"7":1,"8":1,"9":2,"10":2,"11":2,"12":1,"13":1,"14":2,"15":2,"16":2,"17":1,"18":1,"19":2,"20":2,"21":2,"22":2,"23":2,"24":2,"25":1,"26":1,"27":2,"28":3,"29":3,"30":1,"31":2,"32":2,"33":1,"34":1,"35":1,"36":0,"37":2,"38":2,"39":2,"40":1,"41":1,"42":2,"43":3,"44":3,"45":3,"46":3,"47":1,"48":2,"49":1,"50":2,"51":2,"52":2,"53":2,"54":1,"55":2},"f":{"0":2,"1":2,"2":2,"3":2,"4":3,"5":1,"6":2,"7":3,"8":2},"b":{"0":[2,0],"1":[1,1]},"_coverageSchema":"1a1c01bbd47fc00a2c39e90264f33305004495a9","hash":"8a8848dd1eb83775e38e00a804ac75d0680650ed"}
,"E:\\My Project\\Elasticsearch_example\\src\\elastic\\connection.js": {"path":"E:\\My Project\\Elasticsearch_example\\src\\elastic\\connection.js","statementMap":{"0":{"start":{"line":1,"column":19},"end":{"line":1,"column":52}},"1":{"start":{"line":2,"column":15},"end":{"line":2,"column":79}},"2":{"start":{"line":12,"column":0},"end":{"line":12,"column":24}}},"fnMap":{},"branchMap":{},"s":{"0":2,"1":2,"2":2},"f":{},"b":{},"_coverageSchema":"1a1c01bbd47fc00a2c39e90264f33305004495a9","hash":"71c5188ffac1a068243d18efe79ea3e4b1c37d86"}
,"E:\\My Project\\Elasticsearch_example\\src\\services\\user.service.js": {"path":"E:\\My Project\\Elasticsearch_example\\src\\services\\user.service.js","statementMap":{"0":{"start":{"line":1,"column":17},"end":{"line":1,"column":51}},"1":{"start":{"line":2,"column":20},"end":{"line":2,"column":45}},"2":{"start":{"line":3,"column":39},"end":{"line":3,"column":68}},"3":{"start":{"line":4,"column":12},"end":{"line":4,"column":26}},"4":{"start":{"line":5,"column":15},"end":{"line":5,"column":32}},"5":{"start":{"line":6,"column":0},"end":{"line":6,"column":16}},"6":{"start":{"line":8,"column":14},"end":{"line":8,"column":36}},"7":{"start":{"line":9,"column":13},"end":{"line":9,"column":34}},"8":{"start":{"line":11,"column":22},"end":{"line":29,"column":1}},"9":{"start":{"line":12,"column":2},"end":{"line":28,"column":3}},"10":{"start":{"line":14,"column":30},"end":{"line":16,"column":6}},"11":{"start":{"line":17,"column":4},"end":{"line":19,"column":5}},"12":{"start":{"line":18,"column":6},"end":{"line":18,"column":64}},"13":{"start":{"line":21,"column":4},"end":{"line":21,"column":48}},"14":{"start":{"line":22,"column":4},"end":{"line":25,"column":6}},"15":{"start":{"line":27,"column":4},"end":{"line":27,"column":14}},"16":{"start":{"line":31,"column":19},"end":{"line":45,"column":1}},"17":{"start":{"line":32,"column":2},"end":{"line":44,"column":3}},"18":{"start":{"line":33,"column":17},"end":{"line":33,"column":51}},"19":{"start":{"line":34,"column":4},"end":{"line":36,"column":5}},"20":{"start":{"line":35,"column":6},"end":{"line":35,"column":51}},"21":{"start":{"line":37,"column":19},"end":{"line":37,"column":38}},"22":{"start":{"line":38,"column":4},"end":{"line":41,"column":6}},"23":{"start":{"line":43,"column":4},"end":{"line":43,"column":14}},"24":{"start":{"line":47,"column":19},"end":{"line":61,"column":1}},"25":{"start":{"line":48,"column":2},"end":{"line":60,"column":3}},"26":{"start":{"line":49,"column":17},"end":{"line":49,"column":63}},"27":{"start":{"line":50,"column":4},"end":{"line":52,"column":5}},"28":{"start":{"line":51,"column":6},"end":{"line":51,"column":56}},"29":{"start":{"line":53,"column":19},"end":{"line":53,"column":42}},"30":{"start":{"line":54,"column":4},"end":{"line":57,"column":6}},"31":{"start":{"line":59,"column":4},"end":{"line":59,"column":14}},"32":{"start":{"line":63,"column":22},"end":{"line":77,"column":1}},"33":{"start":{"line":64,"column":2},"end":{"line":76,"column":3}},"34":{"start":{"line":65,"column":22},"end":{"line":65,"column":68}},"35":{"start":{"line":66,"column":4},"end":{"line":68,"column":5}},"36":{"start":{"line":67,"column":6},"end":{"line":67,"column":56}},"37":{"start":{"line":69,"column":4},"end":{"line":69,"column":50}},"38":{"start":{"line":70,"column":4},"end":{"line":73,"column":6}},"39":{"start":{"line":75,"column":4},"end":{"line":75,"column":14}},"40":{"start":{"line":79,"column":22},"end":{"line":89,"column":1}},"41":{"start":{"line":80,"column":2},"end":{"line":88,"column":3}},"42":{"start":{"line":81,"column":4},"end":{"line":81,"column":42}},"43":{"start":{"line":82,"column":4},"end":{"line":85,"column":6}},"44":{"start":{"line":87,"column":4},"end":{"line":87,"column":14}},"45":{"start":{"line":91,"column":22},"end":{"line":113,"column":1}},"46":{"start":{"line":92,"column":2},"end":{"line":112,"column":3}},"47":{"start":{"line":93,"column":43},"end":{"line":98,"column":6}},"48":{"start":{"line":99,"column":4},"end":{"line":101,"column":5}},"49":{"start":{"line":100,"column":6},"end":{"line":100,"column":64}},"50":{"start":{"line":102,"column":4},"end":{"line":104,"column":5}},"51":{"start":{"line":103,"column":6},"end":{"line":103,"column":56}},"52":{"start":{"line":105,"column":4},"end":{"line":105,"column":53}},"53":{"start":{"line":106,"column":4},"end":{"line":109,"column":6}},"54":{"start":{"line":111,"column":4},"end":{"line":111,"column":14}},"55":{"start":{"line":115,"column":15},"end":{"line":149,"column":1}},"56":{"start":{"line":116,"column":2},"end":{"line":148,"column":3}},"57":{"start":{"line":118,"column":26},"end":{"line":120,"column":6}},"58":{"start":{"line":121,"column":4},"end":{"line":123,"column":5}},"59":{"start":{"line":122,"column":6},"end":{"line":122,"column":64}},"60":{"start":{"line":125,"column":17},"end":{"line":125,"column":60}},"61":{"start":{"line":127,"column":17},"end":{"line":127,"column":69}},"62":{"start":{"line":128,"column":32},"end":{"line":128,"column":52}},"63":{"start":{"line":129,"column":18},"end":{"line":133,"column":5}},"64":{"start":{"line":135,"column":25},"end":{"line":139,"column":5}},"65":{"start":{"line":141,"column":4},"end":{"line":143,"column":7}},"66":{"start":{"line":144,"column":19},"end":{"line":144,"column":42}},"67":{"start":{"line":145,"column":4},"end":{"line":145,"column":18}},"68":{"start":{"line":147,"column":4},"end":{"line":147,"column":14}},"69":{"start":{"line":151,"column":14},"end":{"line":186,"column":1}},"70":{"start":{"line":152,"column":2},"end":{"line":185,"column":3}},"71":{"start":{"line":153,"column":17},"end":{"line":155,"column":6}},"72":{"start":{"line":157,"column":4},"end":{"line":159,"column":5}},"73":{"start":{"line":158,"column":6},"end":{"line":158,"column":58}},"74":{"start":{"line":161,"column":4},"end":{"line":163,"column":5}},"75":{"start":{"line":162,"column":6},"end":{"line":162,"column":58}},"76":{"start":{"line":165,"column":32},"end":{"line":165,"column":55}},"77":{"start":{"line":166,"column":18},"end":{"line":170,"column":5}},"78":{"start":{"line":172,"column":25},"end":{"line":176,"column":5}},"79":{"start":{"line":178,"column":4},"end":{"line":180,"column":7}},"80":{"start":{"line":181,"column":19},"end":{"line":181,"column":42}},"81":{"start":{"line":182,"column":4},"end":{"line":182,"column":18}},"82":{"start":{"line":184,"column":4},"end":{"line":184,"column":14}},"83":{"start":{"line":188,"column":21},"end":{"line":211,"column":1}},"84":{"start":{"line":189,"column":2},"end":{"line":210,"column":3}},"85":{"start":{"line":190,"column":17},"end":{"line":192,"column":6}},"86":{"start":{"line":193,"column":4},"end":{"line":195,"column":5}},"87":{"start":{"line":194,"column":6},"end":{"line":194,"column":65}},"88":{"start":{"line":196,"column":4},"end":{"line":199,"column":6}},"89":{"start":{"line":201,"column":32},"end":{"line":201,"column":55}},"90":{"start":{"line":202,"column":18},"end":{"line":206,"column":5}},"91":{"start":{"line":207,"column":4},"end":{"line":207,"column":21}},"92":{"start":{"line":209,"column":4},"end":{"line":209,"column":14}},"93":{"start":{"line":213,"column":0},"end":{"line":223,"column":2}}},"fnMap":{"0":{"name":"(anonymous_0)","decl":{"start":{"line":11,"column":22},"end":{"line":11,"column":23}},"loc":{"start":{"line":11,"column":38},"end":{"line":29,"column":1}},"line":11},"1":{"name":"(anonymous_1)","decl":{"start":{"line":31,"column":19},"end":{"line":31,"column":20}},"loc":{"start":{"line":31,"column":31},"end":{"line":45,"column":1}},"line":31},"2":{"name":"(anonymous_2)","decl":{"start":{"line":47,"column":19},"end":{"line":47,"column":20}},"loc":{"start":{"line":47,"column":37},"end":{"line":61,"column":1}},"line":47},"3":{"name":"(anonymous_3)","decl":{"start":{"line":63,"column":22},"end":{"line":63,"column":23}},"loc":{"start":{"line":63,"column":40},"end":{"line":77,"column":1}},"line":63},"4":{"name":"(anonymous_4)","decl":{"start":{"line":79,"column":22},"end":{"line":79,"column":23}},"loc":{"start":{"line":79,"column":34},"end":{"line":89,"column":1}},"line":79},"5":{"name":"(anonymous_5)","decl":{"start":{"line":91,"column":22},"end":{"line":91,"column":23}},"loc":{"start":{"line":91,"column":46},"end":{"line":113,"column":1}},"line":91},"6":{"name":"(anonymous_6)","decl":{"start":{"line":115,"column":15},"end":{"line":115,"column":16}},"loc":{"start":{"line":115,"column":31},"end":{"line":149,"column":1}},"line":115},"7":{"name":"(anonymous_7)","decl":{"start":{"line":151,"column":14},"end":{"line":151,"column":15}},"loc":{"start":{"line":151,"column":30},"end":{"line":186,"column":1}},"line":151},"8":{"name":"(anonymous_8)","decl":{"start":{"line":188,"column":21},"end":{"line":188,"column":22}},"loc":{"start":{"line":188,"column":37},"end":{"line":211,"column":1}},"line":188}},"branchMap":{"0":{"loc":{"start":{"line":17,"column":4},"end":{"line":19,"column":5}},"type":"if","locations":[{"start":{"line":17,"column":4},"end":{"line":19,"column":5}},{"start":{},"end":{}}],"line":17},"1":{"loc":{"start":{"line":34,"column":4},"end":{"line":36,"column":5}},"type":"if","locations":[{"start":{"line":34,"column":4},"end":{"line":36,"column":5}},{"start":{},"end":{}}],"line":34},"2":{"loc":{"start":{"line":50,"column":4},"end":{"line":52,"column":5}},"type":"if","locations":[{"start":{"line":50,"column":4},"end":{"line":52,"column":5}},{"start":{},"end":{}}],"line":50},"3":{"loc":{"start":{"line":66,"column":4},"end":{"line":68,"column":5}},"type":"if","locations":[{"start":{"line":66,"column":4},"end":{"line":68,"column":5}},{"start":{},"end":{}}],"line":66},"4":{"loc":{"start":{"line":99,"column":4},"end":{"line":101,"column":5}},"type":"if","locations":[{"start":{"line":99,"column":4},"end":{"line":101,"column":5}},{"start":{},"end":{}}],"line":99},"5":{"loc":{"start":{"line":102,"column":4},"end":{"line":104,"column":5}},"type":"if","locations":[{"start":{"line":102,"column":4},"end":{"line":104,"column":5}},{"start":{},"end":{}}],"line":102},"6":{"loc":{"start":{"line":121,"column":4},"end":{"line":123,"column":5}},"type":"if","locations":[{"start":{"line":121,"column":4},"end":{"line":123,"column":5}},{"start":{},"end":{}}],"line":121},"7":{"loc":{"start":{"line":157,"column":4},"end":{"line":159,"column":5}},"type":"if","locations":[{"start":{"line":157,"column":4},"end":{"line":159,"column":5}},{"start":{},"end":{}}],"line":157},"8":{"loc":{"start":{"line":161,"column":4},"end":{"line":163,"column":5}},"type":"if","locations":[{"start":{"line":161,"column":4},"end":{"line":163,"column":5}},{"start":{},"end":{}}],"line":161},"9":{"loc":{"start":{"line":193,"column":4},"end":{"line":195,"column":5}},"type":"if","locations":[{"start":{"line":193,"column":4},"end":{"line":195,"column":5}},{"start":{},"end":{}}],"line":193}},"s":{"0":1,"1":1,"2":1,"3":1,"4":1,"5":1,"6":1,"7":1,"8":1,"9":2,"10":2,"11":2,"12":1,"13":1,"14":1,"15":1,"16":1,"17":2,"18":2,"19":2,"20":1,"21":1,"22":1,"23":1,"24":1,"25":2,"26":2,"27":2,"28":1,"29":1,"30":1,"31":1,"32":1,"33":2,"34":2,"35":2,"36":1,"37":1,"38":1,"39":1,"40":1,"41":1,"42":1,"43":1,"44":0,"45":1,"46":3,"47":3,"48":3,"49":1,"50":2,"51":1,"52":1,"53":1,"54":2,"55":1,"56":2,"57":2,"58":2,"59":1,"60":1,"61":1,"62":1,"63":1,"64":1,"65":1,"66":1,"67":1,"68":1,"69":1,"70":3,"71":3,"72":3,"73":1,"74":2,"75":1,"76":1,"77":1,"78":1,"79":1,"80":1,"81":1,"82":2,"83":1,"84":2,"85":2,"86":2,"87":1,"88":1,"89":1,"90":1,"91":1,"92":1,"93":1},"f":{"0":2,"1":2,"2":2,"3":2,"4":1,"5":3,"6":2,"7":3,"8":2},"b":{"0":[1,1],"1":[1,1],"2":[1,1],"3":[1,1],"4":[1,2],"5":[1,1],"6":[1,1],"7":[1,2],"8":[1,1],"9":[1,1]},"_coverageSchema":"1a1c01bbd47fc00a2c39e90264f33305004495a9","hash":"2a0f6fa3cfc695dd66cea3a728fbae485524b943"}
,"E:\\My Project\\Elasticsearch_example\\src\\utils\\Error.js": {"path":"E:\\My Project\\Elasticsearch_example\\src\\utils\\Error.js","statementMap":{"0":{"start":{"line":1,"column":0},"end":{"line":11,"column":2}},"1":{"start":{"line":3,"column":4},"end":{"line":3,"column":19}},"2":{"start":{"line":5,"column":4},"end":{"line":5,"column":21}},"3":{"start":{"line":7,"column":4},"end":{"line":7,"column":52}},"4":{"start":{"line":9,"column":4},"end":{"line":9,"column":32}}},"fnMap":{"0":{"name":"(anonymous_0)","decl":{"start":{"line":2,"column":2},"end":{"line":2,"column":3}},"loc":{"start":{"line":2,"column":37},"end":{"line":10,"column":3}},"line":2}},"branchMap":{"0":{"loc":{"start":{"line":9,"column":18},"end":{"line":9,"column":31}},"type":"binary-expr","locations":[{"start":{"line":9,"column":18},"end":{"line":9,"column":24}},{"start":{"line":9,"column":28},"end":{"line":9,"column":31}}],"line":9}},"s":{"0":5,"1":21,"2":21,"3":21,"4":21},"f":{"0":21},"b":{"0":[21,0]},"_coverageSchema":"1a1c01bbd47fc00a2c39e90264f33305004495a9","hash":"0f52e9ed3cd2271755157e33b562e515ccb30c09"}
,"E:\\My Project\\Elasticsearch_example\\src\\utils\\handleJWT.js": {"path":"E:\\My Project\\Elasticsearch_example\\src\\utils\\handleJWT.js","statementMap":{"0":{"start":{"line":1,"column":12},"end":{"line":1,"column":35}},"1":{"start":{"line":2,"column":20},"end":{"line":2,"column":45}},"2":{"start":{"line":4,"column":21},"end":{"line":17,"column":1}},"3":{"start":{"line":5,"column":2},"end":{"line":16,"column":3}},"4":{"start":{"line":6,"column":18},"end":{"line":12,"column":5}},"5":{"start":{"line":13,"column":4},"end":{"line":13,"column":17}},"6":{"start":{"line":15,"column":4},"end":{"line":15,"column":49}},"7":{"start":{"line":19,"column":21},"end":{"line":26,"column":1}},"8":{"start":{"line":20,"column":2},"end":{"line":25,"column":3}},"9":{"start":{"line":21,"column":17},"end":{"line":21,"column":48}},"10":{"start":{"line":22,"column":4},"end":{"line":22,"column":16}},"11":{"start":{"line":24,"column":4},"end":{"line":24,"column":49}},"12":{"start":{"line":28,"column":0},"end":{"line":31,"column":2}}},"fnMap":{"0":{"name":"(anonymous_0)","decl":{"start":{"line":4,"column":21},"end":{"line":4,"column":22}},"loc":{"start":{"line":4,"column":54},"end":{"line":17,"column":1}},"line":4},"1":{"name":"(anonymous_1)","decl":{"start":{"line":19,"column":21},"end":{"line":19,"column":22}},"loc":{"start":{"line":19,"column":46},"end":{"line":26,"column":1}},"line":19}},"branchMap":{},"s":{"0":2,"1":2,"2":2,"3":2,"4":2,"5":1,"6":1,"7":2,"8":2,"9":2,"10":1,"11":1,"12":2},"f":{"0":2,"1":2},"b":{},"_coverageSchema":"1a1c01bbd47fc00a2c39e90264f33305004495a9","hash":"29ef8c56e025b425055a4caa8d5e166ce1b8422c"}
}
