TN:
SF:src\common\elasticsearch.js
FN:5,(anonymous_0)
FN:25,(anonymous_1)
FN:42,(anonymous_2)
FN:55,(anonymous_3)
FN:78,(anonymous_4)
FN:91,(anonymous_5)
FN:108,(anonymous_6)
FN:127,(anonymous_7)
FN:150,(anonymous_8)
FNF:9
FNH:9
FNDA:2,(anonymous_0)
FNDA:2,(anonymous_1)
FNDA:2,(anonymous_2)
FNDA:2,(anonymous_3)
FNDA:3,(anonymous_4)
FNDA:1,(anonymous_5)
FNDA:2,(anonymous_6)
FNDA:3,(anonymous_7)
FNDA:2,(anonymous_8)
DA:1,2
DA:2,2
DA:3,2
DA:5,2
DA:6,2
DA:8,2
DA:9,2
DA:19,1
DA:21,1
DA:25,2
DA:26,2
DA:27,2
DA:36,1
DA:38,1
DA:42,2
DA:43,2
DA:44,2
DA:49,1
DA:51,1
DA:55,2
DA:56,2
DA:57,2
DA:59,2
DA:60,2
DA:62,2
DA:72,1
DA:74,1
DA:78,2
DA:79,3
DA:80,3
DA:85,1
DA:87,2
DA:91,2
DA:92,1
DA:93,1
DA:102,1
DA:104,0
DA:108,2
DA:109,2
DA:110,2
DA:121,1
DA:123,1
DA:127,2
DA:128,3
DA:129,3
DA:130,3
DA:141,3
DA:142,1
DA:144,2
DA:146,1
DA:150,2
DA:151,2
DA:152,2
DA:157,2
DA:159,1
DA:163,2
LF:56
LH:55
BRDA:57,0,0,2
BRDA:57,0,1,0
BRDA:141,1,0,1
BRDA:141,1,1,1
BRF:4
BRH:3
end_of_record
TN:
SF:src\elastic\connection.js
FNF:0
FNH:0
DA:1,2
DA:2,2
DA:12,2
LF:3
LH:3
BRF:0
BRH:0
end_of_record
TN:
SF:src\services\user.service.js
FN:11,(anonymous_0)
FN:31,(anonymous_1)
FN:47,(anonymous_2)
FN:63,(anonymous_3)
FN:79,(anonymous_4)
FN:91,(anonymous_5)
FN:115,(anonymous_6)
FN:151,(anonymous_7)
FN:188,(anonymous_8)
FNF:9
FNH:9
FNDA:2,(anonymous_0)
FNDA:2,(anonymous_1)
FNDA:2,(anonymous_2)
FNDA:2,(anonymous_3)
FNDA:1,(anonymous_4)
FNDA:3,(anonymous_5)
FNDA:2,(anonymous_6)
FNDA:3,(anonymous_7)
FNDA:2,(anonymous_8)
DA:1,1
DA:2,1
DA:3,1
DA:4,1
DA:5,1
DA:6,1
DA:8,1
DA:9,1
DA:11,1
DA:12,2
DA:14,2
DA:17,2
DA:18,1
DA:21,1
DA:22,1
DA:27,1
DA:31,1
DA:32,2
DA:33,2
DA:34,2
DA:35,1
DA:37,1
DA:38,1
DA:43,1
DA:47,1
DA:48,2
DA:49,2
DA:50,2
DA:51,1
DA:53,1
DA:54,1
DA:59,1
DA:63,1
DA:64,2
DA:65,2
DA:66,2
DA:67,1
DA:69,1
DA:70,1
DA:75,1
DA:79,1
DA:80,1
DA:81,1
DA:82,1
DA:87,0
DA:91,1
DA:92,3
DA:93,3
DA:99,3
DA:100,1
DA:102,2
DA:103,1
DA:105,1
DA:106,1
DA:111,2
DA:115,1
DA:116,2
DA:118,2
DA:121,2
DA:122,1
DA:125,1
DA:127,1
DA:128,1
DA:129,1
DA:135,1
DA:141,1
DA:144,1
DA:145,1
DA:147,1
DA:151,1
DA:152,3
DA:153,3
DA:157,3
DA:158,1
DA:161,2
DA:162,1
DA:165,1
DA:166,1
DA:172,1
DA:178,1
DA:181,1
DA:182,1
DA:184,2
DA:188,1
DA:189,2
DA:190,2
DA:193,2
DA:194,1
DA:196,1
DA:201,1
DA:202,1
DA:207,1
DA:209,1
DA:213,1
LF:94
LH:93
BRDA:17,0,0,1
BRDA:17,0,1,1
BRDA:34,1,0,1
BRDA:34,1,1,1
BRDA:50,2,0,1
BRDA:50,2,1,1
BRDA:66,3,0,1
BRDA:66,3,1,1
BRDA:99,4,0,1
BRDA:99,4,1,2
BRDA:102,5,0,1
BRDA:102,5,1,1
BRDA:121,6,0,1
BRDA:121,6,1,1
BRDA:157,7,0,1
BRDA:157,7,1,2
BRDA:161,8,0,1
BRDA:161,8,1,1
BRDA:193,9,0,1
BRDA:193,9,1,1
BRF:20
BRH:20
end_of_record
TN:
SF:src\utils\Error.js
FN:2,(anonymous_0)
FNF:1
FNH:1
FNDA:21,(anonymous_0)
DA:1,5
DA:3,21
DA:5,21
DA:7,21
DA:9,21
LF:5
LH:5
BRDA:9,0,0,21
BRDA:9,0,1,0
BRF:2
BRH:1
end_of_record
TN:
SF:src\utils\handleJWT.js
FN:4,(anonymous_0)
FN:19,(anonymous_1)
FNF:2
FNH:2
FNDA:2,(anonymous_0)
FNDA:2,(anonymous_1)
DA:1,2
DA:2,2
DA:4,2
DA:5,2
DA:6,2
DA:13,1
DA:15,1
DA:19,2
DA:20,2
DA:21,2
DA:22,1
DA:24,1
DA:28,2
LF:13
LH:13
BRF:0
BRH:0
end_of_record
